2025-08-03 01:03:57:357 [31merror[39m: [31mFailed to fetch YouTube entropy[39m
2025-08-03 01:03:58:358 [31merror[39m: [31mFailed to refresh Twitch token[39m
2025-08-03 01:03:58:358 [31merror[39m: [31mFailed to fetch Twitch entropy[39m
2025-08-03 01:03:58:358 [32minfo[39m: [32mGenerated entropy[39m
2025-08-03 01:03:58:358 [32minfo[39m: [32mShuffled deck using entropy[39m
2025-08-03 01:18:45:1845 [31merror[39m: [31mFailed to fetch YouTube entropy[39m
2025-08-03 01:18:45:1845 [31merror[39m: [31mFailed to refresh Twitch token[39m
2025-08-03 01:18:45:1845 [31merror[39m: [31mFailed to fetch Twitch entropy[39m
2025-08-03 01:18:45:1845 [32minfo[39m: [32mGenerated entropy[39m
2025-08-03 01:18:45:1845 [32minfo[39m: [32mShuffled deck using entropy[39m
2025-08-03 01:42:09:429 [31merror[39m: [31mFailed to fetch YouTube entropy[39m
2025-08-03 01:42:09:429 [31merror[39m: [31mFailed to refresh Twitch token[39m
2025-08-03 01:42:09:429 [31merror[39m: [31mFailed to fetch Twitch entropy[39m
2025-08-03 01:42:09:429 [32minfo[39m: [32mGenerated entropy[39m
2025-08-03 01:42:09:429 [32minfo[39m: [32mShuffled deck using entropy[39m
2025-08-03 01:42:16:4216 [31merror[39m: [31mFailed to fetch YouTube entropy[39m
2025-08-03 01:42:16:4216 [31merror[39m: [31mFailed to refresh Twitch token[39m
2025-08-03 01:42:16:4216 [31merror[39m: [31mFailed to fetch Twitch entropy[39m
2025-08-03 01:42:16:4216 [32minfo[39m: [32mGenerated entropy[39m
2025-08-03 01:42:16:4216 [32minfo[39m: [32mShuffled deck using entropy[39m
2025-08-03 01:43:57:4357 [31merror[39m: [31mFailed to fetch YouTube entropy[39m
2025-08-03 01:43:58:4358 [31merror[39m: [31mFailed to refresh Twitch token[39m
2025-08-03 01:43:58:4358 [31merror[39m: [31mFailed to fetch Twitch entropy[39m
2025-08-03 01:43:58:4358 [32minfo[39m: [32mGenerated entropy[39m
2025-08-03 01:43:58:4358 [32minfo[39m: [32mShuffled deck using entropy[39m
2025-08-03 01:47:36:4736 [31merror[39m: [31mFailed to fetch YouTube entropy[39m
2025-08-03 01:47:36:4736 [31merror[39m: [31mFailed to refresh Twitch token[39m
2025-08-03 01:47:36:4736 [31merror[39m: [31mFailed to fetch Twitch entropy[39m
2025-08-03 01:47:36:4736 [32minfo[39m: [32mGenerated entropy[39m
2025-08-03 01:47:36:4736 [32minfo[39m: [32mShuffled deck using entropy[39m
2025-08-03 01:47:49:4749 [31merror[39m: [31mFailed to fetch YouTube entropy[39m
2025-08-03 01:47:49:4749 [31merror[39m: [31mFailed to refresh Twitch token[39m
2025-08-03 01:47:49:4749 [31merror[39m: [31mFailed to fetch Twitch entropy[39m
2025-08-03 01:47:49:4749 [32minfo[39m: [32mGenerated entropy[39m
2025-08-03 01:47:49:4749 [32minfo[39m: [32mShuffled deck using entropy[39m
2025-08-03 01:47:50:4750 [31merror[39m: [31mFailed to fetch YouTube entropy[39m
2025-08-03 01:47:50:4750 [31merror[39m: [31mFailed to refresh Twitch token[39m
2025-08-03 01:47:50:4750 [31merror[39m: [31mFailed to fetch Twitch entropy[39m
2025-08-03 01:47:50:4750 [32minfo[39m: [32mGenerated entropy[39m
2025-08-03 01:47:50:4750 [32minfo[39m: [32mShuffled deck using entropy[39m
